[2021-05-22 06:14:04][test    ] sample index
[2021-05-22 06:14:10][test    ] sample index
[2021-05-22 06:14:27][test    ] sample index
[2021-05-22 06:14:42][test    ] sample index
[2021-05-22 06:17:45][test    ] sample index
[2021-05-22 06:18:04][test    ] sample index
[2021-05-22 06:22:52][test    ] sample index
[2021-05-22 06:28:03][test    ] sample index
[2021-05-22 06:28:03][test    ] sample index
[2021-05-22 06:28:16][test    ] sample index
[2021-05-22 06:28:17][test    ] sample index
[2021-05-22 06:28:32][test    ] sample common
[2021-05-22 06:29:14][test    ] sample index
[2021-05-22 06:29:16][test    ] common common
[2021-05-22 06:29:22][test    ] common common
[2021-05-22 06:30:21][test    ] common common
[2021-05-22 06:32:57][test    ] common common
[2021-05-22 06:41:27][test    ] sample index
[2021-05-22 06:41:29][test    ] sample index
[2021-05-22 06:41:34][test    ] sample index
[2021-05-22 06:41:35][test    ] sample index
[2021-05-22 06:41:36][test    ] sample index
[2021-05-22 06:41:37][test    ] sample index
[2021-05-22 06:41:39][test    ] sample index
[2021-05-22 06:42:44][test    ] sample index
[2021-05-22 06:42:47][test    ] sample common
[2021-05-22 06:42:58][test    ] sample common
[2021-05-22 06:43:06][test    ] sample common
[2021-05-22 06:44:49][test    ] sample index
[2021-05-22 06:44:51][test    ] sample index
[2021-05-22 06:44:58][test    ] sample index
[2021-05-22 06:45:11][test    ] sample index
[2021-05-22 06:45:34][test    ] sample index
[2021-05-22 06:45:35][test    ] sample index
[2021-05-22 06:45:36][test    ] sample index
[2021-05-22 06:46:20][test    ] sample index
[2021-05-22 06:46:27][test    ] sample index
[2021-05-22 06:46:29][test    ] sample common
[2021-05-22 06:54:23][test    ] index httperror 404
[2021-05-22 06:54:30][test    ] index httperror 404
[2021-05-22 06:54:47][test    ] index httperror 404
[2021-05-22 06:55:51][test    ] index httperror 404
[2021-05-22 06:56:34][test    ] index httperror 404
[2021-05-22 06:56:35][test    ] index index
[2021-05-22 06:56:40][test    ] index httperror 404
[2021-05-22 06:59:19][test    ] index httperror 404
[2021-05-22 06:59:24][test    ] index index
[2021-05-22 06:59:30][test    ] sample index
[2021-05-22 06:59:32][test    ] sample common
[2021-05-22 06:59:34][test    ] sample index
[2021-05-22 06:59:36][test    ] index httperror 404
[2021-05-22 07:02:51][test    ] index httperror 404
[2021-05-22 07:03:04][test    ] sample index
[2021-05-22 07:03:13][test    ] sample index
[2021-05-22 07:04:01][test    ] sample index
[2021-05-22 07:04:03][test    ] sample index
[2021-05-22 07:04:05][test    ] sample index
[2021-05-22 07:04:06][test    ] sample index
[2021-05-22 07:04:08][test    ] sample index
[2021-05-22 07:04:10][test    ] sample index
[2021-05-22 07:04:11][test    ] sample index
[2021-05-22 07:04:13][test    ] sample index
[2021-05-22 07:05:26][test    ] sample index
[2021-05-22 07:05:26][test    ] sample index
[2021-05-22 07:05:26][test    ] sample index
[2021-05-22 07:05:26][test    ] sample index
[2021-05-22 07:05:26][test    ] sample index
[2021-05-22 07:05:26][test    ] sample index
[2021-05-22 07:05:26][test    ] sample index
[2021-05-22 07:05:26][test    ] sample index
[2021-05-22 07:05:27][test    ] sample index
[2021-05-22 07:05:27][test    ] sample index
[2021-05-22 07:05:27][test    ] sample index
[2021-05-22 07:05:27][test    ] sample index
[2021-05-22 07:05:27][test    ] sample index
[2021-05-22 07:05:27][test    ] sample index
[2021-05-22 07:05:27][test    ] sample index
[2021-05-22 07:05:27][test    ] sample index
[2021-05-22 07:05:27][test    ] sample index
[2021-05-22 07:05:27][test    ] sample index
[2021-05-22 07:05:27][test    ] sample index
[2021-05-22 07:05:27][test    ] sample index
[2021-05-22 07:05:27][test    ] sample index
[2021-05-22 07:05:27][test    ] sample index
[2021-05-22 07:05:27][test    ] sample index
[2021-05-22 07:05:27][test    ] sample index
[2021-05-22 07:05:27][test    ] sample index
[2021-05-22 07:05:27][test    ] sample index
[2021-05-22 07:05:27][test    ] sample index
[2021-05-22 07:05:27][test    ] sample index
[2021-05-22 07:05:27][test    ] sample index
[2021-05-22 07:05:27][test    ] sample index
[2021-05-22 07:05:27][test    ] sample index
[2021-05-22 07:05:27][test    ] sample index
[2021-05-22 07:05:27][test    ] sample index
[2021-05-22 07:05:27][test    ] sample index
[2021-05-22 07:05:27][test    ] sample index
[2021-05-22 07:05:27][test    ] sample index
[2021-05-22 07:05:27][test    ] sample index
[2021-05-22 07:05:27][test    ] sample index
[2021-05-22 07:05:27][test    ] sample index
[2021-05-22 07:05:27][test    ] sample index
[2021-05-22 07:05:27][test    ] sample index
[2021-05-22 07:05:27][test    ] sample index
[2021-05-22 07:05:27][test    ] sample index
[2021-05-22 07:05:27][test    ] sample index
[2021-05-22 07:05:27][test    ] sample index
[2021-05-22 07:05:27][test    ] sample index
[2021-05-22 07:05:28][test    ] sample index
[2021-05-22 07:05:28][test    ] sample index
[2021-05-22 07:05:28][test    ] sample index
[2021-05-22 07:05:28][test    ] sample index
[2021-05-22 07:05:28][test    ] sample index
[2021-05-22 07:05:28][test    ] sample index
[2021-05-22 07:05:28][test    ] sample index
[2021-05-22 07:05:28][test    ] sample index
[2021-05-22 07:05:28][test    ] sample index
[2021-05-22 07:05:28][test    ] sample index
[2021-05-22 07:05:28][test    ] sample index
[2021-05-22 07:05:28][test    ] sample index
[2021-05-22 07:05:28][test    ] sample index
[2021-05-22 07:05:28][test    ] sample index
[2021-05-22 07:05:28][test    ] sample index
[2021-05-22 07:05:28][test    ] sample index
[2021-05-22 07:05:28][test    ] sample index
[2021-05-22 07:05:28][test    ] sample index
[2021-05-22 07:05:28][test    ] sample index
[2021-05-22 07:05:28][test    ] sample index
[2021-05-22 07:05:28][test    ] sample index
[2021-05-22 07:05:28][test    ] sample index
[2021-05-22 07:05:28][test    ] sample index
[2021-05-22 07:05:28][test    ] sample index
[2021-05-22 07:05:28][test    ] sample index
[2021-05-22 07:05:28][test    ] sample index
[2021-05-22 07:05:28][test    ] sample index
[2021-05-22 07:05:28][test    ] sample index
[2021-05-22 07:05:28][test    ] sample index
[2021-05-22 07:05:28][test    ] sample index
[2021-05-22 07:05:28][test    ] sample index
[2021-05-22 07:05:28][test    ] sample index
[2021-05-22 07:05:28][test    ] sample index
[2021-05-22 07:05:28][test    ] sample index
[2021-05-22 07:05:28][test    ] sample index
[2021-05-22 07:05:28][test    ] sample index
[2021-05-22 07:05:28][test    ] sample index
[2021-05-22 07:05:28][test    ] sample index
[2021-05-22 07:05:28][test    ] sample index
[2021-05-22 07:05:28][test    ] sample index
[2021-05-22 07:05:28][test    ] sample index
[2021-05-22 07:05:28][test    ] sample index
[2021-05-22 07:05:28][test    ] sample index
[2021-05-22 07:05:28][test    ] sample index
[2021-05-22 07:05:28][test    ] sample index
[2021-05-22 07:05:29][test    ] sample index
[2021-05-22 07:05:29][test    ] sample index
[2021-05-22 07:05:29][test    ] sample index
[2021-05-22 07:05:29][test    ] sample index
[2021-05-22 07:05:29][test    ] sample index
[2021-05-22 07:05:29][test    ] sample index
[2021-05-22 07:05:29][test    ] sample index
[2021-05-22 07:05:29][test    ] sample index
[2021-05-22 07:05:29][test    ] sample index
[2021-05-22 07:06:02][test    ] sample index
[2021-05-22 07:06:02][test    ] sample index
[2021-05-22 07:06:02][test    ] sample index
[2021-05-22 07:06:02][test    ] sample index
[2021-05-22 07:06:02][test    ] sample index
[2021-05-22 07:06:02][test    ] sample index
[2021-05-22 07:06:02][test    ] sample index
[2021-05-22 07:06:02][test    ] sample index
[2021-05-22 07:06:03][test    ] sample index
[2021-05-22 07:06:03][test    ] sample index
[2021-05-22 07:06:03][test    ] sample index
[2021-05-22 07:06:03][test    ] sample index
[2021-05-22 07:06:03][test    ] sample index
[2021-05-22 07:06:03][test    ] sample index
[2021-05-22 07:06:03][test    ] sample index
[2021-05-22 07:06:03][test    ] sample index
[2021-05-22 07:06:03][test    ] sample index
[2021-05-22 07:06:03][test    ] sample index
[2021-05-22 07:06:03][test    ] sample index
[2021-05-22 07:06:03][test    ] sample index
[2021-05-22 07:06:03][test    ] sample index
[2021-05-22 07:06:03][test    ] sample index
[2021-05-22 07:06:03][test    ] sample index
[2021-05-22 07:06:03][test    ] sample index
[2021-05-22 07:06:03][test    ] sample index
[2021-05-22 07:06:03][test    ] sample index
[2021-05-22 07:06:03][test    ] sample index
[2021-05-22 07:06:04][test    ] sample index
[2021-05-22 07:06:04][test    ] sample index
[2021-05-22 07:06:04][test    ] sample index
[2021-05-22 07:06:04][test    ] sample index
[2021-05-22 07:06:04][test    ] sample index
[2021-05-22 07:06:04][test    ] sample index
[2021-05-22 07:06:04][test    ] sample index
[2021-05-22 07:06:04][test    ] sample index
[2021-05-22 07:06:04][test    ] sample index
[2021-05-22 07:06:04][test    ] sample index
[2021-05-22 07:06:04][test    ] sample index
[2021-05-22 07:06:04][test    ] sample index
[2021-05-22 07:06:04][test    ] sample index
[2021-05-22 07:06:04][test    ] sample index
[2021-05-22 07:06:04][test    ] sample index
[2021-05-22 07:06:04][test    ] sample index
[2021-05-22 07:06:04][test    ] sample index
[2021-05-22 07:06:04][test    ] sample index
[2021-05-22 07:06:04][test    ] sample index
[2021-05-22 07:06:04][test    ] sample index
[2021-05-22 07:06:04][test    ] sample index
[2021-05-22 07:06:04][test    ] sample index
[2021-05-22 07:06:04][test    ] sample index
[2021-05-22 07:06:04][test    ] sample index
[2021-05-22 07:06:05][test    ] sample index
[2021-05-22 07:06:05][test    ] sample index
[2021-05-22 07:06:05][test    ] sample index
[2021-05-22 07:06:05][test    ] sample index
[2021-05-22 07:06:05][test    ] sample index
[2021-05-22 07:06:05][test    ] sample index
[2021-05-22 07:06:05][test    ] sample index
[2021-05-22 07:06:05][test    ] sample index
[2021-05-22 07:06:05][test    ] sample index
[2021-05-22 07:06:05][test    ] sample index
[2021-05-22 07:06:05][test    ] sample index
[2021-05-22 07:06:05][test    ] sample index
[2021-05-22 07:06:05][test    ] sample index
[2021-05-22 07:06:05][test    ] sample index
[2021-05-22 07:06:05][test    ] sample index
[2021-05-22 07:06:05][test    ] sample index
[2021-05-22 07:06:05][test    ] sample index
[2021-05-22 07:06:05][test    ] sample index
[2021-05-22 07:06:05][test    ] sample index
[2021-05-22 07:06:05][test    ] sample index
[2021-05-22 07:06:05][test    ] sample index
[2021-05-22 07:06:05][test    ] sample index
[2021-05-22 07:06:05][test    ] sample index
[2021-05-22 07:06:05][test    ] sample index
[2021-05-22 07:06:05][test    ] sample index
[2021-05-22 07:06:05][test    ] sample index
[2021-05-22 07:06:05][test    ] sample index
[2021-05-22 07:06:05][test    ] sample index
[2021-05-22 07:06:06][test    ] sample index
[2021-05-22 07:06:06][test    ] sample index
[2021-05-22 07:06:06][test    ] sample index
[2021-05-22 07:06:06][test    ] sample index
[2021-05-22 07:06:06][test    ] sample index
[2021-05-22 07:06:06][test    ] sample index
[2021-05-22 07:06:06][test    ] sample index
[2021-05-22 07:06:06][test    ] sample index
[2021-05-22 07:06:06][test    ] sample index
[2021-05-22 07:06:06][test    ] sample index
[2021-05-22 07:06:06][test    ] sample index
[2021-05-22 07:06:06][test    ] sample index
[2021-05-22 07:06:06][test    ] sample index
[2021-05-22 07:06:06][test    ] sample index
[2021-05-22 07:06:06][test    ] sample index
[2021-05-22 07:06:06][test    ] sample index
[2021-05-22 07:06:06][test    ] sample index
[2021-05-22 07:06:06][test    ] sample index
[2021-05-22 07:06:06][test    ] sample index
[2021-05-22 07:06:06][test    ] sample index
[2021-05-22 07:06:06][test    ] sample index
[2021-05-22 07:06:28][test    ] sample index
[2021-05-22 07:06:28][test    ] sample index
[2021-05-22 07:06:28][test    ] sample index
[2021-05-22 07:06:28][test    ] sample index
[2021-05-22 07:06:28][test    ] sample index
[2021-05-22 07:06:28][test    ] sample index
[2021-05-22 07:06:28][test    ] sample index
[2021-05-22 07:06:28][test    ] sample index
[2021-05-22 07:06:28][test    ] sample index
[2021-05-22 07:06:28][test    ] sample index
[2021-05-22 07:06:28][test    ] sample index
[2021-05-22 07:06:28][test    ] sample index
[2021-05-22 07:06:28][test    ] sample index
[2021-05-22 07:06:28][test    ] sample index
[2021-05-22 07:06:28][test    ] sample index
[2021-05-22 07:06:28][test    ] sample index
[2021-05-22 07:06:28][test    ] sample index
[2021-05-22 07:06:28][test    ] sample index
[2021-05-22 07:06:28][test    ] sample index
[2021-05-22 07:06:28][test    ] sample index
[2021-05-22 07:06:28][test    ] sample index
[2021-05-22 07:06:28][test    ] sample index
[2021-05-22 07:06:28][test    ] sample index
[2021-05-22 07:06:28][test    ] sample index
[2021-05-22 07:06:28][test    ] sample index
[2021-05-22 07:06:28][test    ] sample index
[2021-05-22 07:06:29][test    ] sample index
[2021-05-22 07:06:29][test    ] sample index
[2021-05-22 07:06:29][test    ] sample index
[2021-05-22 07:06:29][test    ] sample index
[2021-05-22 07:06:29][test    ] sample index
[2021-05-22 07:06:29][test    ] sample index
[2021-05-22 07:06:29][test    ] sample index
[2021-05-22 07:06:29][test    ] sample index
[2021-05-22 07:06:29][test    ] sample index
[2021-05-22 07:06:29][test    ] sample index
[2021-05-22 07:06:29][test    ] sample index
[2021-05-22 07:06:29][test    ] sample index
[2021-05-22 07:06:29][test    ] sample index
[2021-05-22 07:06:29][test    ] sample index
[2021-05-22 07:06:29][test    ] sample index
[2021-05-22 07:06:29][test    ] sample index
[2021-05-22 07:06:29][test    ] sample index
[2021-05-22 07:06:29][test    ] sample index
[2021-05-22 07:06:29][test    ] sample index
[2021-05-22 07:06:29][test    ] sample index
[2021-05-22 07:06:29][test    ] sample index
[2021-05-22 07:06:29][test    ] sample index
[2021-05-22 07:06:29][test    ] sample index
[2021-05-22 07:06:29][test    ] sample index
[2021-05-22 07:06:30][test    ] sample index
[2021-05-22 07:06:30][test    ] sample index
[2021-05-22 07:06:30][test    ] sample index
[2021-05-22 07:06:30][test    ] sample index
[2021-05-22 07:06:30][test    ] sample index
[2021-05-22 07:06:30][test    ] sample index
[2021-05-22 07:06:30][test    ] sample index
[2021-05-22 07:06:30][test    ] sample index
[2021-05-22 07:06:30][test    ] sample index
[2021-05-22 07:06:30][test    ] sample index
[2021-05-22 07:06:30][test    ] sample index
[2021-05-22 07:06:30][test    ] sample index
[2021-05-22 07:06:30][test    ] sample index
[2021-05-22 07:06:30][test    ] sample index
[2021-05-22 07:06:30][test    ] sample index
[2021-05-22 07:06:30][test    ] sample index
[2021-05-22 07:06:30][test    ] sample index
[2021-05-22 07:06:30][test    ] sample index
[2021-05-22 07:06:30][test    ] sample index
[2021-05-22 07:06:30][test    ] sample index
[2021-05-22 07:06:30][test    ] sample index
[2021-05-22 07:06:30][test    ] sample index
[2021-05-22 07:06:30][test    ] sample index
[2021-05-22 07:06:30][test    ] sample index
[2021-05-22 07:06:30][test    ] sample index
[2021-05-22 07:06:30][test    ] sample index
[2021-05-22 07:06:30][test    ] sample index
[2021-05-22 07:06:30][test    ] sample index
[2021-05-22 07:06:30][test    ] sample index
[2021-05-22 07:06:30][test    ] sample index
[2021-05-22 07:06:30][test    ] sample index
[2021-05-22 07:06:30][test    ] sample index
[2021-05-22 07:06:30][test    ] sample index
[2021-05-22 07:06:30][test    ] sample index
[2021-05-22 07:06:30][test    ] sample index
[2021-05-22 07:06:30][test    ] sample index
[2021-05-22 07:06:30][test    ] sample index
[2021-05-22 07:06:30][test    ] sample index
[2021-05-22 07:06:31][test    ] sample index
[2021-05-22 07:06:31][test    ] sample index
[2021-05-22 07:06:31][test    ] sample index
[2021-05-22 07:06:31][test    ] sample index
[2021-05-22 07:06:31][test    ] sample index
[2021-05-22 07:06:31][test    ] sample index
[2021-05-22 07:06:31][test    ] sample index
[2021-05-22 07:06:31][test    ] sample index
[2021-05-22 07:06:31][test    ] sample index
[2021-05-22 07:06:31][test    ] sample index
[2021-05-22 07:06:31][test    ] sample index
[2021-05-22 07:06:31][test    ] sample index
[2021-05-22 07:06:35][test    ] sample index
[2021-05-22 07:06:36][test    ] sample index
[2021-05-22 07:06:36][test    ] sample index
[2021-05-22 07:06:36][test    ] sample index
[2021-05-22 07:06:36][test    ] sample index
[2021-05-22 07:06:36][test    ] sample index
[2021-05-22 07:06:36][test    ] sample index
[2021-05-22 07:06:36][test    ] sample index
[2021-05-22 07:06:36][test    ] sample index
[2021-05-22 07:06:36][test    ] sample index
[2021-05-22 07:06:36][test    ] sample index
[2021-05-22 07:06:36][test    ] sample index
[2021-05-22 07:06:36][test    ] sample index
[2021-05-22 07:06:36][test    ] sample index
[2021-05-22 07:06:36][test    ] sample index
[2021-05-22 07:06:36][test    ] sample index
[2021-05-22 07:06:36][test    ] sample index
[2021-05-22 07:06:36][test    ] sample index
[2021-05-22 07:06:36][test    ] sample index
[2021-05-22 07:06:36][test    ] sample index
[2021-05-22 07:06:36][test    ] sample index
[2021-05-22 07:06:36][test    ] sample index
[2021-05-22 07:06:36][test    ] sample index
[2021-05-22 07:06:36][test    ] sample index
[2021-05-22 07:06:36][test    ] sample index
[2021-05-22 07:06:36][test    ] sample index
[2021-05-22 07:06:36][test    ] sample index
[2021-05-22 07:06:36][test    ] sample index
[2021-05-22 07:06:36][test    ] sample index
[2021-05-22 07:06:36][test    ] sample index
[2021-05-22 07:06:36][test    ] sample index
[2021-05-22 07:06:36][test    ] sample index
[2021-05-22 07:06:36][test    ] sample index
[2021-05-22 07:06:36][test    ] sample index
[2021-05-22 07:06:36][test    ] sample index
[2021-05-22 07:06:36][test    ] sample index
[2021-05-22 07:06:36][test    ] sample index
[2021-05-22 07:06:36][test    ] sample index
[2021-05-22 07:06:36][test    ] sample index
[2021-05-22 07:06:36][test    ] sample index
[2021-05-22 07:06:36][test    ] sample index
[2021-05-22 07:06:37][test    ] sample index
[2021-05-22 07:06:37][test    ] sample index
[2021-05-22 07:06:37][test    ] sample index
[2021-05-22 07:06:37][test    ] sample index
[2021-05-22 07:06:37][test    ] sample index
[2021-05-22 07:06:37][test    ] sample index
[2021-05-22 07:06:37][test    ] sample index
[2021-05-22 07:06:37][test    ] sample index
[2021-05-22 07:06:37][test    ] sample index
[2021-05-22 07:06:37][test    ] sample index
[2021-05-22 07:06:37][test    ] sample index
[2021-05-22 07:06:37][test    ] sample index
[2021-05-22 07:06:37][test    ] sample index
[2021-05-22 07:06:37][test    ] sample index
[2021-05-22 07:06:37][test    ] sample index
[2021-05-22 07:06:37][test    ] sample index
[2021-05-22 07:06:37][test    ] sample index
[2021-05-22 07:06:37][test    ] sample index
[2021-05-22 07:06:37][test    ] sample index
[2021-05-22 07:06:37][test    ] sample index
[2021-05-22 07:06:37][test    ] sample index
[2021-05-22 07:06:37][test    ] sample index
[2021-05-22 07:06:38][test    ] sample index
[2021-05-22 07:06:38][test    ] sample index
[2021-05-22 07:06:38][test    ] sample index
[2021-05-22 07:06:38][test    ] sample index
[2021-05-22 07:06:38][test    ] sample index
[2021-05-22 07:06:38][test    ] sample index
[2021-05-22 07:06:38][test    ] sample index
[2021-05-22 07:06:38][test    ] sample index
[2021-05-22 07:06:38][test    ] sample index
[2021-05-22 07:06:38][test    ] sample index
[2021-05-22 07:06:38][test    ] sample index
[2021-05-22 07:06:38][test    ] sample index
[2021-05-22 07:06:38][test    ] sample index
[2021-05-22 07:06:38][test    ] sample index
[2021-05-22 07:06:38][test    ] sample index
[2021-05-22 07:06:38][test    ] sample index
[2021-05-22 07:06:38][test    ] sample index
[2021-05-22 07:06:38][test    ] sample index
[2021-05-22 07:06:38][test    ] sample index
[2021-05-22 07:06:38][test    ] sample index
[2021-05-22 07:06:38][test    ] sample index
[2021-05-22 07:06:38][test    ] sample index
[2021-05-22 07:06:38][test    ] sample index
[2021-05-22 07:06:38][test    ] sample index
[2021-05-22 07:06:38][test    ] sample index
[2021-05-22 07:06:38][test    ] sample index
[2021-05-22 07:06:38][test    ] sample index
[2021-05-22 07:06:39][test    ] sample index
[2021-05-22 07:06:39][test    ] sample index
[2021-05-22 07:06:39][test    ] sample index
[2021-05-22 07:06:39][test    ] sample index
[2021-05-22 07:06:39][test    ] sample index
[2021-05-22 07:06:39][test    ] sample index
[2021-05-22 07:06:39][test    ] sample index
[2021-05-22 07:06:39][test    ] sample index
[2021-05-22 07:06:39][test    ] sample index
[2021-05-22 07:06:39][test    ] sample index
[2021-05-22 07:06:56][test    ] index index
[2021-05-22 07:06:56][test    ] index index
[2021-05-22 07:06:56][test    ] index index
[2021-05-22 07:06:56][test    ] index index
[2021-05-22 07:06:56][test    ] index index
[2021-05-22 07:06:56][test    ] index index
[2021-05-22 07:06:56][test    ] index index
[2021-05-22 07:06:56][test    ] index index
[2021-05-22 07:06:56][test    ] index index
[2021-05-22 07:06:56][test    ] index index
[2021-05-22 07:06:56][test    ] index index
[2021-05-22 07:06:56][test    ] index index
[2021-05-22 07:06:56][test    ] index index
[2021-05-22 07:06:56][test    ] index index
[2021-05-22 07:06:57][test    ] index index
[2021-05-22 07:06:57][test    ] index index
[2021-05-22 07:06:57][test    ] index index
[2021-05-22 07:06:57][test    ] index index
[2021-05-22 07:06:57][test    ] index index
[2021-05-22 07:06:57][test    ] index index
[2021-05-22 07:07:03][test    ] index httperror 404
[2021-05-22 07:07:03][test    ] index httperror 404
[2021-05-22 07:07:03][test    ] index httperror 404
[2021-05-22 07:07:04][test    ] index httperror 404
[2021-05-22 07:07:04][test    ] index httperror 404
[2021-05-22 07:07:04][test    ] index httperror 404
[2021-05-22 07:07:04][test    ] index httperror 404
[2021-05-22 07:07:04][test    ] index httperror 404
[2021-05-22 07:07:04][test    ] index httperror 404
[2021-05-22 07:07:04][test    ] index httperror 404
[2021-05-22 07:07:04][test    ] index httperror 404
[2021-05-22 07:07:04][test    ] index httperror 404
[2021-05-22 07:07:04][test    ] index httperror 404
[2021-05-22 07:07:04][test    ] index httperror 404
[2021-05-22 07:07:04][test    ] index httperror 404
[2021-05-22 07:07:04][test    ] index httperror 404
[2021-05-22 07:07:04][test    ] index httperror 404
[2021-05-22 07:07:04][test    ] index httperror 404
[2021-05-22 07:07:04][test    ] index httperror 404
[2021-05-22 07:07:04][test    ] index httperror 404
[2021-05-22 07:07:11][test    ] index httperror 404
[2021-05-22 07:07:11][test    ] index httperror 404
[2021-05-22 07:07:11][test    ] index httperror 404
[2021-05-22 07:07:11][test    ] index httperror 404
[2021-05-22 07:07:11][test    ] index httperror 404
[2021-05-22 07:07:11][test    ] index httperror 404
[2021-05-22 07:07:11][test    ] index httperror 404
[2021-05-22 07:07:11][test    ] index httperror 404
[2021-05-22 07:07:11][test    ] index httperror 404
[2021-05-22 07:07:11][test    ] index httperror 404
[2021-05-22 07:07:11][test    ] index httperror 404
[2021-05-22 07:07:11][test    ] index httperror 404
[2021-05-22 07:07:11][test    ] index httperror 404
[2021-05-22 07:07:11][test    ] index httperror 404
[2021-05-22 07:07:11][test    ] index httperror 404
[2021-05-22 07:07:11][test    ] index httperror 404
[2021-05-22 07:07:11][test    ] index httperror 404
[2021-05-22 07:07:11][test    ] index httperror 404
[2021-05-22 07:07:11][test    ] index httperror 404
[2021-05-22 07:07:11][test    ] index httperror 404
[2021-05-22 07:07:15][test    ] index httperror 404
[2021-05-22 07:07:15][test    ] index httperror 404
[2021-05-22 07:07:15][test    ] index httperror 404
[2021-05-22 07:07:15][test    ] index httperror 404
[2021-05-22 07:07:15][test    ] index httperror 404
[2021-05-22 07:07:15][test    ] index httperror 404
[2021-05-22 07:07:15][test    ] index httperror 404
[2021-05-22 07:07:15][test    ] index httperror 404
[2021-05-22 07:07:15][test    ] index httperror 404
[2021-05-22 07:07:15][test    ] index httperror 404
[2021-05-22 07:07:15][test    ] index httperror 404
[2021-05-22 07:07:15][test    ] index httperror 404
[2021-05-22 07:07:15][test    ] index httperror 404
[2021-05-22 07:07:15][test    ] index httperror 404
[2021-05-22 07:07:15][test    ] index httperror 404
[2021-05-22 07:07:15][test    ] index httperror 404
[2021-05-22 07:07:15][test    ] index httperror 404
[2021-05-22 07:07:15][test    ] index httperror 404
[2021-05-22 07:07:15][test    ] index httperror 404
[2021-05-22 07:07:16][test    ] index httperror 404
[2021-05-22 07:07:16][test    ] index httperror 404
[2021-05-22 07:07:16][test    ] index httperror 404
[2021-05-22 07:07:16][test    ] index httperror 404
[2021-05-22 07:07:16][test    ] index httperror 404
[2021-05-22 07:07:16][test    ] index httperror 404
[2021-05-22 07:07:16][test    ] index httperror 404
[2021-05-22 07:07:16][test    ] index httperror 404
[2021-05-22 07:07:16][test    ] index httperror 404
[2021-05-22 07:07:16][test    ] index httperror 404
[2021-05-22 07:07:16][test    ] index httperror 404
[2021-05-22 07:07:16][test    ] index httperror 404
[2021-05-22 07:07:16][test    ] index httperror 404
[2021-05-22 07:07:16][test    ] index httperror 404
[2021-05-22 07:07:16][test    ] index httperror 404
[2021-05-22 07:07:16][test    ] index httperror 404
[2021-05-22 07:07:16][test    ] index httperror 404
[2021-05-22 07:07:16][test    ] index httperror 404
[2021-05-22 07:07:16][test    ] index httperror 404
[2021-05-22 07:07:16][test    ] index httperror 404
[2021-05-22 07:07:16][test    ] index httperror 404
[2021-05-22 07:07:16][test    ] index httperror 404
[2021-05-22 07:07:16][test    ] index httperror 404
[2021-05-22 07:07:16][test    ] index httperror 404
[2021-05-22 07:07:16][test    ] index httperror 404
[2021-05-22 07:07:16][test    ] index httperror 404
[2021-05-22 07:07:16][test    ] index httperror 404
[2021-05-22 07:07:16][test    ] index httperror 404
[2021-05-22 07:07:16][test    ] index httperror 404
[2021-05-22 07:07:16][test    ] index httperror 404
[2021-05-22 07:07:16][test    ] index httperror 404
[2021-05-22 07:07:16][test    ] index httperror 404
[2021-05-22 07:07:16][test    ] index httperror 404
[2021-05-22 07:07:17][test    ] index httperror 404
[2021-05-22 07:07:17][test    ] index httperror 404
[2021-05-22 07:07:17][test    ] index httperror 404
[2021-05-22 07:07:17][test    ] index httperror 404
[2021-05-22 07:07:17][test    ] index httperror 404
[2021-05-22 07:07:17][test    ] index httperror 404
[2021-05-22 07:07:17][test    ] index httperror 404
[2021-05-22 07:07:17][test    ] index httperror 404
[2021-05-22 07:07:17][test    ] index httperror 404
[2021-05-22 07:07:17][test    ] index httperror 404
[2021-05-22 07:07:17][test    ] index httperror 404
[2021-05-22 07:07:17][test    ] index httperror 404
[2021-05-22 07:07:17][test    ] index httperror 404
[2021-05-22 07:07:17][test    ] index httperror 404
[2021-05-22 07:07:17][test    ] index httperror 404
[2021-05-22 07:07:17][test    ] index httperror 404
[2021-05-22 07:07:17][test    ] index httperror 404
[2021-05-22 07:07:17][test    ] index httperror 404
[2021-05-22 07:07:17][test    ] index httperror 404
[2021-05-22 07:07:17][test    ] index httperror 404
[2021-05-22 07:07:17][test    ] index httperror 404
[2021-05-22 07:07:17][test    ] index httperror 404
[2021-05-22 07:07:17][test    ] index httperror 404
[2021-05-22 07:07:17][test    ] index httperror 404
[2021-05-22 07:07:17][test    ] index httperror 404
[2021-05-22 07:07:17][test    ] index httperror 404
[2021-05-22 07:07:17][test    ] index httperror 404
[2021-05-22 07:07:18][test    ] index httperror 404
[2021-05-22 07:07:18][test    ] index httperror 404
[2021-05-22 07:07:18][test    ] index httperror 404
[2021-05-22 07:07:18][test    ] index httperror 404
[2021-05-22 07:07:18][test    ] index httperror 404
[2021-05-22 07:07:18][test    ] index httperror 404
[2021-05-22 07:07:18][test    ] index httperror 404
[2021-05-22 07:07:18][test    ] index httperror 404
[2021-05-22 07:07:18][test    ] index httperror 404
[2021-05-22 07:07:18][test    ] index httperror 404
[2021-05-22 07:07:18][test    ] index httperror 404
[2021-05-22 07:07:18][test    ] index httperror 404
[2021-05-22 07:07:18][test    ] index httperror 404
[2021-05-22 07:07:18][test    ] index httperror 404
[2021-05-22 07:07:18][test    ] index httperror 404
[2021-05-22 07:07:18][test    ] index httperror 404
[2021-05-22 07:07:18][test    ] index httperror 404
[2021-05-22 07:07:18][test    ] index httperror 404
[2021-05-22 07:07:18][test    ] index httperror 404
[2021-05-22 07:07:18][test    ] index httperror 404
[2021-05-22 07:07:18][test    ] index httperror 404
[2021-05-22 07:07:24][test    ] index httperror 404
[2021-05-22 07:07:24][test    ] index httperror 404
[2021-05-22 07:07:24][test    ] index httperror 404
[2021-05-22 07:07:24][test    ] index httperror 404
[2021-05-22 07:07:24][test    ] index httperror 404
[2021-05-22 07:07:24][test    ] index httperror 404
[2021-05-22 07:07:24][test    ] index httperror 404
[2021-05-22 07:07:24][test    ] index httperror 404
[2021-05-22 07:07:24][test    ] index httperror 404
[2021-05-22 07:07:24][test    ] index httperror 404
[2021-05-22 07:07:24][test    ] index httperror 404
[2021-05-22 07:07:24][test    ] index httperror 404
[2021-05-22 07:07:24][test    ] index httperror 404
[2021-05-22 07:07:24][test    ] index httperror 404
[2021-05-22 07:07:24][test    ] index httperror 404
[2021-05-22 07:07:24][test    ] index httperror 404
[2021-05-22 07:07:24][test    ] index httperror 404
[2021-05-22 07:07:24][test    ] index httperror 404
[2021-05-22 07:07:24][test    ] index httperror 404
[2021-05-22 07:07:24][test    ] index httperror 404
[2021-05-22 07:07:24][test    ] index httperror 404
[2021-05-22 07:07:24][test    ] index httperror 404
[2021-05-22 07:07:24][test    ] index httperror 404
[2021-05-22 07:07:24][test    ] index httperror 404
[2021-05-22 07:07:24][test    ] index httperror 404
[2021-05-22 07:07:24][test    ] index httperror 404
[2021-05-22 07:07:24][test    ] index httperror 404
[2021-05-22 07:07:24][test    ] index httperror 404
[2021-05-22 07:07:24][test    ] index httperror 404
[2021-05-22 07:07:24][test    ] index httperror 404
[2021-05-22 07:07:24][test    ] index httperror 404
[2021-05-22 07:07:24][test    ] index httperror 404
[2021-05-22 07:07:25][test    ] index httperror 404
[2021-05-22 07:07:25][test    ] index httperror 404
[2021-05-22 07:07:25][test    ] index httperror 404
[2021-05-22 07:07:25][test    ] index httperror 404
[2021-05-22 07:07:25][test    ] index httperror 404
[2021-05-22 07:07:25][test    ] index httperror 404
[2021-05-22 07:07:25][test    ] index httperror 404
[2021-05-22 07:07:25][test    ] index httperror 404
[2021-05-22 07:07:25][test    ] index httperror 404
[2021-05-22 07:07:25][test    ] index httperror 404
[2021-05-22 07:07:25][test    ] index httperror 404
[2021-05-22 07:07:25][test    ] index httperror 404
[2021-05-22 07:07:25][test    ] index httperror 404
[2021-05-22 07:07:25][test    ] index httperror 404
[2021-05-22 07:07:25][test    ] index httperror 404
[2021-05-22 07:07:25][test    ] index httperror 404
[2021-05-22 07:07:25][test    ] index httperror 404
[2021-05-22 07:07:25][test    ] index httperror 404
[2021-05-22 07:07:25][test    ] index httperror 404
[2021-05-22 07:07:25][test    ] index httperror 404
[2021-05-22 07:07:25][test    ] index httperror 404
[2021-05-22 07:07:25][test    ] index httperror 404
[2021-05-22 07:07:25][test    ] index httperror 404
[2021-05-22 07:07:25][test    ] index httperror 404
[2021-05-22 07:07:25][test    ] index httperror 404
[2021-05-22 07:07:25][test    ] index httperror 404
[2021-05-22 07:07:26][test    ] index httperror 404
[2021-05-22 07:07:26][test    ] index httperror 404
[2021-05-22 07:07:26][test    ] index httperror 404
[2021-05-22 07:07:26][test    ] index httperror 404
[2021-05-22 07:07:26][test    ] index httperror 404
[2021-05-22 07:07:26][test    ] index httperror 404
[2021-05-22 07:07:26][test    ] index httperror 404
[2021-05-22 07:07:26][test    ] index httperror 404
[2021-05-22 07:07:26][test    ] index httperror 404
[2021-05-22 07:07:26][test    ] index httperror 404
[2021-05-22 07:07:26][test    ] index httperror 404
[2021-05-22 07:07:26][test    ] index httperror 404
[2021-05-22 07:07:26][test    ] index httperror 404
[2021-05-22 07:07:26][test    ] index httperror 404
[2021-05-22 07:07:26][test    ] index httperror 404
[2021-05-22 07:07:26][test    ] index httperror 404
[2021-05-22 07:07:26][test    ] index httperror 404
[2021-05-22 07:07:26][test    ] index httperror 404
[2021-05-22 07:07:26][test    ] index httperror 404
[2021-05-22 07:07:26][test    ] index httperror 404
[2021-05-22 07:07:26][test    ] index httperror 404
[2021-05-22 07:07:26][test    ] index httperror 404
[2021-05-22 07:07:26][test    ] index httperror 404
[2021-05-22 07:07:26][test    ] index httperror 404
[2021-05-22 07:07:26][test    ] index httperror 404
[2021-05-22 07:07:26][test    ] index httperror 404
[2021-05-22 07:07:26][test    ] index httperror 404
[2021-05-22 07:07:26][test    ] index httperror 404
[2021-05-22 07:07:26][test    ] index httperror 404
[2021-05-22 07:07:26][test    ] index httperror 404
[2021-05-22 07:07:27][test    ] index httperror 404
[2021-05-22 07:07:27][test    ] index httperror 404
[2021-05-22 07:07:27][test    ] index httperror 404
[2021-05-22 07:07:27][test    ] index httperror 404
[2021-05-22 07:07:27][test    ] index httperror 404
[2021-05-22 07:07:27][test    ] index httperror 404
[2021-05-22 07:07:27][test    ] index httperror 404
[2021-05-22 07:07:27][test    ] index httperror 404
[2021-05-22 07:07:27][test    ] index httperror 404
[2021-05-22 07:07:27][test    ] index httperror 404
[2021-05-22 07:07:27][test    ] index httperror 404
[2021-05-22 07:07:27][test    ] index httperror 404
[2021-05-22 07:07:32][test    ] index httperror 404
[2021-05-22 07:07:32][test    ] index httperror 404
[2021-05-22 07:07:32][test    ] index httperror 404
[2021-05-22 07:07:32][test    ] index httperror 404
[2021-05-22 07:07:32][test    ] index httperror 404
[2021-05-22 07:07:32][test    ] index httperror 404
[2021-05-22 07:07:32][test    ] index httperror 404
[2021-05-22 07:07:32][test    ] index httperror 404
[2021-05-22 07:07:32][test    ] index httperror 404
[2021-05-22 07:07:32][test    ] index httperror 404
[2021-05-22 07:07:32][test    ] index httperror 404
[2021-05-22 07:07:32][test    ] index httperror 404
[2021-05-22 07:07:32][test    ] index httperror 404
[2021-05-22 07:07:32][test    ] index httperror 404
[2021-05-22 07:07:32][test    ] index httperror 404
[2021-05-22 07:07:32][test    ] index httperror 404
[2021-05-22 07:07:32][test    ] index httperror 404
[2021-05-22 07:07:32][test    ] index httperror 404
[2021-05-22 07:07:32][test    ] index httperror 404
[2021-05-22 07:07:32][test    ] index httperror 404
[2021-05-22 07:07:32][test    ] index httperror 404
[2021-05-22 07:07:32][test    ] index httperror 404
[2021-05-22 07:07:32][test    ] index httperror 404
[2021-05-22 07:07:32][test    ] index httperror 404
[2021-05-22 07:07:32][test    ] index httperror 404
[2021-05-22 07:07:32][test    ] index httperror 404
[2021-05-22 07:07:32][test    ] index httperror 404
[2021-05-22 07:07:32][test    ] index httperror 404
[2021-05-22 07:07:32][test    ] index httperror 404
[2021-05-22 07:07:32][test    ] index httperror 404
[2021-05-22 07:07:32][test    ] index httperror 404
[2021-05-22 07:07:32][test    ] index httperror 404
[2021-05-22 07:07:33][test    ] index httperror 404
[2021-05-22 07:07:33][test    ] index httperror 404
[2021-05-22 07:07:33][test    ] index httperror 404
[2021-05-22 07:07:33][test    ] index httperror 404
[2021-05-22 07:07:33][test    ] index httperror 404
[2021-05-22 07:07:33][test    ] index httperror 404
[2021-05-22 07:07:33][test    ] index httperror 404
[2021-05-22 07:07:33][test    ] index httperror 404
[2021-05-22 07:07:33][test    ] index httperror 404
[2021-05-22 07:07:33][test    ] index httperror 404
[2021-05-22 07:07:33][test    ] index httperror 404
[2021-05-22 07:07:33][test    ] index httperror 404
[2021-05-22 07:07:33][test    ] index httperror 404
[2021-05-22 07:07:33][test    ] index httperror 404
[2021-05-22 07:07:33][test    ] index httperror 404
[2021-05-22 07:07:33][test    ] index httperror 404
[2021-05-22 07:07:33][test    ] index httperror 404
[2021-05-22 07:07:33][test    ] index httperror 404
[2021-05-22 07:07:33][test    ] index httperror 404
[2021-05-22 07:07:33][test    ] index httperror 404
[2021-05-22 07:07:33][test    ] index httperror 404
[2021-05-22 07:07:33][test    ] index httperror 404
[2021-05-22 07:07:33][test    ] index httperror 404
[2021-05-22 07:07:33][test    ] index httperror 404
[2021-05-22 07:07:33][test    ] index httperror 404
[2021-05-22 07:07:33][test    ] index httperror 404
[2021-05-22 07:07:33][test    ] index httperror 404
[2021-05-22 07:07:33][test    ] index httperror 404
[2021-05-22 07:07:33][test    ] index httperror 404
[2021-05-22 07:07:33][test    ] index httperror 404
[2021-05-22 07:07:33][test    ] index httperror 404
[2021-05-22 07:07:34][test    ] index httperror 404
[2021-05-22 07:07:34][test    ] index httperror 404
[2021-05-22 07:07:34][test    ] index httperror 404
[2021-05-22 07:07:34][test    ] index httperror 404
[2021-05-22 07:07:34][test    ] index httperror 404
[2021-05-22 07:07:34][test    ] index httperror 404
[2021-05-22 07:07:34][test    ] index httperror 404
[2021-05-22 07:07:34][test    ] index httperror 404
[2021-05-22 07:07:34][test    ] index httperror 404
[2021-05-22 07:07:34][test    ] index httperror 404
[2021-05-22 07:07:34][test    ] index httperror 404
[2021-05-22 07:07:34][test    ] index httperror 404
[2021-05-22 07:07:34][test    ] index httperror 404
[2021-05-22 07:07:34][test    ] index httperror 404
[2021-05-22 07:07:34][test    ] index httperror 404
[2021-05-22 07:07:34][test    ] index httperror 404
[2021-05-22 07:07:34][test    ] index httperror 404
[2021-05-22 07:07:34][test    ] index httperror 404
[2021-05-22 07:07:34][test    ] index httperror 404
[2021-05-22 07:07:34][test    ] index httperror 404
[2021-05-22 07:07:34][test    ] index httperror 404
[2021-05-22 07:07:34][test    ] index httperror 404
[2021-05-22 07:07:34][test    ] index httperror 404
[2021-05-22 07:07:34][test    ] index httperror 404
[2021-05-22 07:07:34][test    ] index httperror 404
[2021-05-22 07:07:34][test    ] index httperror 404
[2021-05-22 07:07:34][test    ] index httperror 404
[2021-05-22 07:07:34][test    ] index httperror 404
[2021-05-22 07:07:34][test    ] index httperror 404
[2021-05-22 07:07:34][test    ] index httperror 404
[2021-05-22 07:07:34][test    ] index httperror 404
[2021-05-22 07:07:34][test    ] index httperror 404
[2021-05-22 07:07:34][test    ] index httperror 404
[2021-05-22 07:07:34][test    ] index httperror 404
[2021-05-22 07:07:34][test    ] index httperror 404
[2021-05-22 07:07:34][test    ] index httperror 404
[2021-05-22 07:07:34][test    ] index httperror 404
[2021-05-22 07:32:10][test    ] sample index
[2021-05-22 07:35:04][test    ] sample index
[2021-05-22 07:35:46][test    ] sample index
[2021-05-22 07:37:26][test    ] sample index
[2021-05-22 07:38:03][test    ] sample index
[2021-05-22 07:38:17][test    ] sample index
[2021-05-22 07:38:26][test    ] sample index
[2021-05-22 07:39:22][test    ] sample index
[2021-05-22 07:40:05][test    ] sample index
[2021-05-22 07:40:05][test    ] <h1>sample / index</h1>
<p>It works.</p>
[2021-05-22 07:41:26][test    ] sample index
[2021-05-22 07:41:26][test    ] 
[2021-05-22 07:41:38][test    ] sample index
[2021-05-22 07:41:38][test    ] yes
[2021-05-22 07:43:02][test    ] sample index
[2021-05-22 07:43:26][test    ] sample index
[2021-05-22 07:43:26][test    ] emit
[2021-05-22 07:43:45][test    ] sample index
[2021-05-22 07:44:50][test    ] sample index
[2021-05-22 07:44:50][test    ] Nyholm\Psr7\Response::__set_state(array(   'reasonPhrase' => 'OK',   'statusCode' => 200,   'headers' =>   array (  ),   'headerNames' =>   array (  ),   'protocol' => '1.1',   'stream' => NULL,))
[2021-05-22 07:45:16][test    ] sample index
[2021-05-22 07:45:16][test    ] Nyholm\Psr7\Response::__set_state(array(   'reasonPhrase' => 'OK',   'statusCode' => 200,   'headers' =>   array (  ),   'headerNames' =>   array (  ),   'protocol' => '1.1',   'stream' => NULL,))
[2021-05-22 07:45:56][test    ] sample index
[2021-05-22 07:45:56][test    ] Nyholm\Psr7\Stream::__set_state(array(   'stream' => NULL,   'seekable' => true,   'readable' => true,   'writable' => true,   'uri' => NULL,   'size' => NULL,))
[2021-05-22 07:46:02][test    ] sample index
[2021-05-22 07:46:02][test    ] Nyholm\Psr7\Stream::__set_state(array(   'stream' => NULL,   'seekable' => true,   'readable' => true,   'writable' => true,   'uri' => NULL,   'size' => NULL,))
[2021-05-22 07:46:13][test    ] sample index
[2021-05-22 07:46:13][test    ] Nyholm\Psr7\Stream::__set_state(array(   'stream' => NULL,   'seekable' => true,   'readable' => true,   'writable' => true,   'uri' => NULL,   'size' => NULL,))
[2021-05-22 07:46:43][test    ] sample index
[2021-05-22 07:46:43][test    ] <h1>sample / index</h1>
<p>It works.</p>
[2021-05-22 07:46:43][test    ] Nyholm\Psr7\Stream::__set_state(array(   'stream' => NULL,   'seekable' => true,   'readable' => true,   'writable' => true,   'uri' => NULL,   'size' => NULL,))
[2021-05-22 07:47:14][test    ] sample index
[2021-05-22 07:47:14][test    ] <h1>sample / index</h1>
<p>It works.</p>
[2021-05-22 07:47:14][test    ] Nyholm\Psr7\Stream::__set_state(array(   'stream' => NULL,   'seekable' => true,   'readable' => true,   'writable' => true,   'uri' => NULL,   'size' => NULL,))
[2021-05-22 07:47:26][test    ] sample index
[2021-05-22 07:47:54][test    ] sample index
[2021-05-22 07:48:10][test    ] sample index
[2021-05-22 07:49:27][test    ] index httperror 404
[2021-05-22 07:56:03][test    ] sample index
[2021-05-22 07:56:05][test    ] index httperror 404
[2021-05-22 07:56:35][test    ] index httperror 404
[2021-05-22 07:57:03][test    ] index httperror 404
[2021-05-22 07:57:04][test    ] index httperror 404
[2021-05-22 07:58:38][test    ] index httperror 404
[2021-05-22 07:58:40][test    ] index httperror 404
[2021-05-22 07:59:00][test    ] index httperror 404
[2021-05-22 07:59:38][test    ] index httperror 404
[2021-05-22 07:59:40][test    ] index httperror 404
[2021-05-22 08:00:19][test    ] index httperror 404
[2021-05-22 08:00:31][test    ] index httperror 404
[2021-05-22 08:00:34][test    ] index httperror 404
[2021-05-22 08:01:05][test    ] index httperror 404
[2021-05-22 08:01:08][test    ] index httperror 404
[2021-05-22 08:01:27][test    ] index httperror 404
[2021-05-22 08:01:30][test    ] index httperror 404
[2021-05-22 08:01:38][test    ] index httperror 404
[2021-05-22 08:01:47][test    ] index httperror 404
[2021-05-22 08:01:50][test    ] index httperror 404
[2021-05-22 08:02:42][test    ] index httperror 404
[2021-05-22 08:03:39][test    ] index httperror 404
[2021-05-22 08:03:42][test    ] index httperror 404
[2021-05-22 08:03:44][test    ] index httperror 404
[2021-05-22 08:03:46][test    ] index index
[2021-05-22 08:03:50][test    ] index httperror 404
[2021-05-22 08:03:55][test    ] sample index
[2021-05-22 08:03:57][test    ] index httperror 404
[2021-05-22 08:03:59][test    ] sample index
[2021-05-22 08:04:55][test    ] sample index
[2021-05-22 08:05:09][test    ] index httperror 404
[2021-05-22 08:05:12][test    ] index httperror 404
[2021-05-22 08:07:24][test    ] index httperror 404
[2021-05-22 08:07:27][test    ] index httperror 404
[2021-05-22 08:07:37][test    ] index httperror 404
[2021-05-22 08:15:16][test    ] index httperror 404
[2021-05-22 08:15:39][test    ] index httperror 404
[2021-05-22 08:16:27][test    ] sample index
[2021-05-22 08:16:43][test    ] sample index
[2021-05-22 08:17:34][test    ] sample index
[2021-05-22 08:17:37][test    ] sample index
[2021-05-22 08:17:40][test    ] index httperror 404
[2021-05-22 08:19:56][test    ] sample index
[2021-05-22 08:20:01][test    ] sample index
[2021-05-22 08:20:04][test    ] sample index
[2021-05-22 08:20:16][test    ] sample index
[2021-05-22 08:20:21][test    ] sample index
[2021-05-22 08:20:23][test    ] sample index
[2021-05-22 08:20:26][test    ] sample index
[2021-05-22 08:20:28][test    ] sample index
[2021-05-22 08:20:30][test    ] sample index
[2021-05-22 08:20:32][test    ] sample index
[2021-05-22 08:20:34][test    ] sample index
[2021-05-22 08:20:37][test    ] sample index
[2021-05-22 08:20:39][test    ] sample index
[2021-05-22 08:20:41][test    ] sample index
[2021-05-22 08:20:44][test    ] sample index
[2021-05-22 08:20:47][test    ] sample index
[2021-05-22 08:20:56][test    ] sample index
[2021-05-22 08:21:00][test    ] sample index
[2021-05-22 08:36:55][test    ] index index
[2021-05-22 08:37:37][test    ] index index
[2021-05-22 08:37:43][test    ] sample index
[2021-05-22 08:38:11][test    ] sample index
[2021-05-22 08:38:12][test    ] index httperror 404
[2021-05-22 08:38:55][test    ] index httperror 404
[2021-05-22 08:39:03][test    ] index httperror 404
[2021-05-22 08:39:05][test    ] index index
[2021-05-22 08:58:03][test    ] /home/kdevy-phpfw/modules/index/actions/AjaxAction.php
[2021-05-22 09:03:45][test    ] getSysver
[2021-05-22 09:04:24][test    ] no
[2021-05-22 09:04:33][test    ] yes
[2021-05-22 09:05:38][test    ] array (  0 => 'CentOS Linux release 7.9.2009 (Core)',)
[2021-05-22 09:05:58][test    ] array (  0 => 'CentOS Linux release 7.9.2009 (Core)',)
[2021-05-22 09:05:59][test    ] array (  0 => 'CentOS Linux release 7.9.2009 (Core)',)
[2021-05-22 09:06:21][test    ] array (  0 => 'CentOS Linux release 7.9.2009 (Core)',)
[2021-05-22 09:06:25][test    ] array (  0 => 'CentOS Linux release 7.9.2009 (Core)',)
[2021-05-22 09:08:35][test    ] array (  0 => 'CentOS Linux release 7.9.2009 (Core)',)
[2021-05-22 09:08:36][test    ] array (  0 => 'CentOS Linux release 7.9.2009 (Core)',)
[2021-05-22 09:10:10][test    ] array (  0 => 'CentOS Linux release 7.9.2009 (Core)',)
[2021-05-22 09:10:10][test    ] array (  0 => 'CentOS Linux release 7.9.2009 (Core)',)
[2021-05-22 09:10:12][test    ] array (  0 => 'CentOS Linux release 7.9.2009 (Core)',)
[2021-05-22 09:10:14][test    ] array (  0 => 'CentOS Linux release 7.9.2009 (Core)',)
[2021-05-22 09:10:14][test    ] array (  0 => 'CentOS Linux release 7.9.2009 (Core)',)
[2021-05-22 09:10:15][test    ] array (  0 => 'CentOS Linux release 7.9.2009 (Core)',)
[2021-05-22 09:10:15][test    ] array (  0 => 'CentOS Linux release 7.9.2009 (Core)',)
[2021-05-22 09:10:15][test    ] array (  0 => 'CentOS Linux release 7.9.2009 (Core)',)
[2021-05-22 09:10:16][test    ] array (  0 => 'CentOS Linux release 7.9.2009 (Core)',)
[2021-05-22 09:10:16][test    ] array (  0 => 'CentOS Linux release 7.9.2009 (Core)',)
[2021-05-22 09:10:16][test    ] array (  0 => 'CentOS Linux release 7.9.2009 (Core)',)
[2021-05-22 09:10:17][test    ] array (  0 => 'CentOS Linux release 7.9.2009 (Core)',)
[2021-05-22 09:10:17][test    ] array (  0 => 'CentOS Linux release 7.9.2009 (Core)',)
[2021-05-22 09:10:17][test    ] array (  0 => 'CentOS Linux release 7.9.2009 (Core)',)
[2021-05-22 09:10:17][test    ] array (  0 => 'CentOS Linux release 7.9.2009 (Core)',)
[2021-05-22 09:10:17][test    ] array (  0 => 'CentOS Linux release 7.9.2009 (Core)',)
[2021-05-22 09:10:18][test    ] array (  0 => 'CentOS Linux release 7.9.2009 (Core)',)
[2021-05-22 09:10:18][test    ] array (  0 => 'CentOS Linux release 7.9.2009 (Core)',)
[2021-05-22 09:10:18][test    ] array (  0 => 'CentOS Linux release 7.9.2009 (Core)',)
[2021-05-22 09:10:18][test    ] array (  0 => 'CentOS Linux release 7.9.2009 (Core)',)
[2021-05-22 09:10:18][test    ] array (  0 => 'CentOS Linux release 7.9.2009 (Core)',)
[2021-05-22 09:10:19][test    ] array (  0 => 'CentOS Linux release 7.9.2009 (Core)',)
[2021-05-22 09:10:19][test    ] array (  0 => 'CentOS Linux release 7.9.2009 (Core)',)
[2021-05-22 09:10:19][test    ] array (  0 => 'CentOS Linux release 7.9.2009 (Core)',)
[2021-05-22 09:10:20][test    ] array (  0 => 'CentOS Linux release 7.9.2009 (Core)',)
[2021-05-22 09:10:20][test    ] array (  0 => 'CentOS Linux release 7.9.2009 (Core)',)
[2021-05-22 09:10:21][test    ] array (  0 => 'CentOS Linux release 7.9.2009 (Core)',)
[2021-05-22 09:10:21][test    ] array (  0 => 'CentOS Linux release 7.9.2009 (Core)',)
[2021-05-22 09:10:22][test    ] array (  0 => 'CentOS Linux release 7.9.2009 (Core)',)
[2021-05-22 09:10:22][test    ] array (  0 => 'CentOS Linux release 7.9.2009 (Core)',)
[2021-05-22 09:10:22][test    ] array (  0 => 'CentOS Linux release 7.9.2009 (Core)',)
[2021-05-22 09:10:23][test    ] array (  0 => 'CentOS Linux release 7.9.2009 (Core)',)
[2021-05-22 09:10:23][test    ] array (  0 => 'CentOS Linux release 7.9.2009 (Core)',)
[2021-05-22 09:10:24][test    ] array (  0 => 'CentOS Linux release 7.9.2009 (Core)',)
[2021-05-22 09:10:24][test    ] array (  0 => 'CentOS Linux release 7.9.2009 (Core)',)
[2021-05-22 09:10:24][test    ] array (  0 => 'CentOS Linux release 7.9.2009 (Core)',)
[2021-05-22 09:10:25][test    ] array (  0 => 'CentOS Linux release 7.9.2009 (Core)',)
[2021-05-22 09:10:25][test    ] array (  0 => 'CentOS Linux release 7.9.2009 (Core)',)
[2021-05-22 09:10:25][test    ] array (  0 => 'CentOS Linux release 7.9.2009 (Core)',)
[2021-05-22 09:10:25][test    ] array (  0 => 'CentOS Linux release 7.9.2009 (Core)',)
[2021-05-22 09:10:26][test    ] array (  0 => 'CentOS Linux release 7.9.2009 (Core)',)
[2021-05-22 09:10:26][test    ] array (  0 => 'CentOS Linux release 7.9.2009 (Core)',)
[2021-05-22 09:10:26][test    ] array (  0 => 'CentOS Linux release 7.9.2009 (Core)',)
[2021-05-22 09:10:26][test    ] array (  0 => 'CentOS Linux release 7.9.2009 (Core)',)
[2021-05-22 09:10:27][test    ] array (  0 => 'CentOS Linux release 7.9.2009 (Core)',)
[2021-05-22 09:10:27][test    ] array (  0 => 'CentOS Linux release 7.9.2009 (Core)',)
[2021-05-22 09:10:27][test    ] array (  0 => 'CentOS Linux release 7.9.2009 (Core)',)
[2021-05-22 09:10:28][test    ] array (  0 => 'CentOS Linux release 7.9.2009 (Core)',)
[2021-05-22 09:10:28][test    ] array (  0 => 'CentOS Linux release 7.9.2009 (Core)',)
[2021-05-22 09:10:28][test    ] array (  0 => 'CentOS Linux release 7.9.2009 (Core)',)
[2021-05-22 09:10:29][test    ] array (  0 => 'CentOS Linux release 7.9.2009 (Core)',)
[2021-05-22 09:10:29][test    ] array (  0 => 'CentOS Linux release 7.9.2009 (Core)',)
[2021-05-22 09:10:29][test    ] array (  0 => 'CentOS Linux release 7.9.2009 (Core)',)
[2021-05-22 09:10:29][test    ] array (  0 => 'CentOS Linux release 7.9.2009 (Core)',)
[2021-05-22 09:10:30][test    ] array (  0 => 'CentOS Linux release 7.9.2009 (Core)',)
[2021-05-22 09:10:30][test    ] array (  0 => 'CentOS Linux release 7.9.2009 (Core)',)
[2021-05-22 09:10:30][test    ] array (  0 => 'CentOS Linux release 7.9.2009 (Core)',)
[2021-05-22 09:10:30][test    ] array (  0 => 'CentOS Linux release 7.9.2009 (Core)',)
[2021-05-22 09:10:31][test    ] array (  0 => 'CentOS Linux release 7.9.2009 (Core)',)
[2021-05-22 09:10:31][test    ] array (  0 => 'CentOS Linux release 7.9.2009 (Core)',)
[2021-05-22 09:10:31][test    ] array (  0 => 'CentOS Linux release 7.9.2009 (Core)',)
[2021-05-22 09:10:32][test    ] array (  0 => 'CentOS Linux release 7.9.2009 (Core)',)
[2021-05-22 09:10:32][test    ] array (  0 => 'CentOS Linux release 7.9.2009 (Core)',)
[2021-05-22 09:10:32][test    ] array (  0 => 'CentOS Linux release 7.9.2009 (Core)',)
[2021-05-22 09:10:32][test    ] array (  0 => 'CentOS Linux release 7.9.2009 (Core)',)
[2021-05-22 09:10:33][test    ] array (  0 => 'CentOS Linux release 7.9.2009 (Core)',)
[2021-05-22 09:10:33][test    ] array (  0 => 'CentOS Linux release 7.9.2009 (Core)',)
[2021-05-22 09:10:33][test    ] array (  0 => 'CentOS Linux release 7.9.2009 (Core)',)
[2021-05-22 09:10:34][test    ] array (  0 => 'CentOS Linux release 7.9.2009 (Core)',)
[2021-05-22 09:10:34][test    ] array (  0 => 'CentOS Linux release 7.9.2009 (Core)',)
[2021-05-22 09:10:34][test    ] array (  0 => 'CentOS Linux release 7.9.2009 (Core)',)
[2021-05-22 09:10:34][test    ] array (  0 => 'CentOS Linux release 7.9.2009 (Core)',)
[2021-05-22 09:10:34][test    ] array (  0 => 'CentOS Linux release 7.9.2009 (Core)',)
[2021-05-22 09:10:34][test    ] array (  0 => 'CentOS Linux release 7.9.2009 (Core)',)
[2021-05-22 09:10:34][test    ] array (  0 => 'CentOS Linux release 7.9.2009 (Core)',)
[2021-05-22 09:10:34][test    ] array (  0 => 'CentOS Linux release 7.9.2009 (Core)',)
[2021-05-22 09:10:35][test    ] array (  0 => 'CentOS Linux release 7.9.2009 (Core)',)
[2021-05-22 09:10:35][test    ] array (  0 => 'CentOS Linux release 7.9.2009 (Core)',)
[2021-05-22 09:10:35][test    ] array (  0 => 'CentOS Linux release 7.9.2009 (Core)',)
[2021-05-22 09:10:35][test    ] array (  0 => 'CentOS Linux release 7.9.2009 (Core)',)
[2021-05-22 09:10:35][test    ] array (  0 => 'CentOS Linux release 7.9.2009 (Core)',)
[2021-05-22 09:10:35][test    ] array (  0 => 'CentOS Linux release 7.9.2009 (Core)',)
[2021-05-22 09:10:35][test    ] array (  0 => 'CentOS Linux release 7.9.2009 (Core)',)
[2021-05-22 09:10:48][test    ] array (  0 => 'CentOS Linux release 7.9.2009 (Core)',)
[2021-05-22 09:10:48][test    ] array (  0 => 'CentOS Linux release 7.9.2009 (Core)',)
[2021-05-22 09:10:48][test    ] array (  0 => 'CentOS Linux release 7.9.2009 (Core)',)
[2021-05-22 09:10:48][test    ] array (  0 => 'CentOS Linux release 7.9.2009 (Core)',)
[2021-05-22 09:10:48][test    ] array (  0 => 'CentOS Linux release 7.9.2009 (Core)',)
[2021-05-22 09:10:49][test    ] array (  0 => 'CentOS Linux release 7.9.2009 (Core)',)
[2021-05-22 09:10:49][test    ] array (  0 => 'CentOS Linux release 7.9.2009 (Core)',)
[2021-05-22 09:10:49][test    ] array (  0 => 'CentOS Linux release 7.9.2009 (Core)',)
[2021-05-22 09:10:49][test    ] array (  0 => 'CentOS Linux release 7.9.2009 (Core)',)
[2021-05-22 09:10:50][test    ] array (  0 => 'CentOS Linux release 7.9.2009 (Core)',)
[2021-05-22 09:10:50][test    ] array (  0 => 'CentOS Linux release 7.9.2009 (Core)',)
[2021-05-22 09:10:51][test    ] array (  0 => 'CentOS Linux release 7.9.2009 (Core)',)
